<?xml version="1.0" encoding="UTF-8" ?>
<testsuite failures="0" time="0.057" errors="0" skipped="0" tests="44" name="com.pld.sqli.wrapper.StatementWrapperTest">
  <properties>
    <property name="java.runtime.name" value="Java(TM) SE Runtime Environment"/>
    <property name="sun.boot.library.path" value="C:\Program Files\Java\jdk1.7.0_51\jre\bin"/>
    <property name="java.vm.version" value="24.51-b03"/>
    <property name="java.vm.vendor" value="Oracle Corporation"/>
    <property name="maven.multiModuleProjectDirectory" value="D:\pldupont\workspace\SQLIDetectionDriver"/>
    <property name="java.vendor.url" value="http://java.oracle.com/"/>
    <property name="path.separator" value=";"/>
    <property name="guice.disable.misplaced.annotation.check" value="true"/>
    <property name="java.vm.name" value="Java HotSpot(TM) 64-Bit Server VM"/>
    <property name="file.encoding.pkg" value="sun.io"/>
    <property name="user.script" value=""/>
    <property name="user.country" value="CA"/>
    <property name="sun.java.launcher" value="SUN_STANDARD"/>
    <property name="sun.os.patch.level" value="Service Pack 1"/>
    <property name="java.vm.specification.name" value="Java Virtual Machine Specification"/>
    <property name="user.dir" value="D:\pldupont\workspace\SQLIDetectionDriver"/>
    <property name="java.runtime.version" value="1.7.0_51-b13"/>
    <property name="java.awt.graphicsenv" value="sun.awt.Win32GraphicsEnvironment"/>
    <property name="java.endorsed.dirs" value="C:\Program Files\Java\jdk1.7.0_51\jre\lib\endorsed"/>
    <property name="os.arch" value="amd64"/>
    <property name="java.io.tmpdir" value="C:\Users\zebres\AppData\Local\Temp\"/>
    <property name="line.separator" value="
"/>
    <property name="java.vm.specification.vendor" value="Oracle Corporation"/>
    <property name="user.variant" value=""/>
    <property name="os.name" value="Windows 7"/>
    <property name="classworlds.conf" value="D:\pldupont\apache-maven-3.3.9\bin\..\bin\m2.conf"/>
    <property name="sun.jnu.encoding" value="Cp1252"/>
    <property name="java.library.path" value="C:\Program Files\Java\jdk1.7.0_51\bin;C:\Windows\Sun\Java\bin;C:\Windows\system32;C:\Windows;C:\ProgramData\Oracle\Java\javapath;C:\csvn\bin\;C:\csvn\Python25\;C:\Windows\system32;C:\Windows;C:\Windows\System32\Wbem;C:\Windows\System32\WindowsPowerShell\v1.0\;C:\Program Files\TortoiseSVN\bin;C:\Program Files\Java\jdk1.7.0_51\bin;C:\programs\groovy-2.2.1\bin;C:\programs\grails-2.3.7\bin;D:\pldupont\apache-maven-3.3.9\bin;C:\Program Files\Git\cmd;C:\Program Files (x86)\QuickTime\QTSystem\;C:\Program Files (x86)\Druide\Antidote;."/>
    <property name="java.specification.name" value="Java Platform API Specification"/>
    <property name="java.class.version" value="51.0"/>
    <property name="sun.management.compiler" value="HotSpot 64-Bit Tiered Compilers"/>
    <property name="os.version" value="6.1"/>
    <property name="user.home" value="C:\Users\zebres"/>
    <property name="user.timezone" value="America/New_York"/>
    <property name="java.awt.printerjob" value="sun.awt.windows.WPrinterJob"/>
    <property name="java.specification.version" value="1.7"/>
    <property name="file.encoding" value="Cp1252"/>
    <property name="user.name" value="zebres"/>
    <property name="java.class.path" value="D:\pldupont\apache-maven-3.3.9\bin\..\boot\plexus-classworlds-2.5.2.jar"/>
    <property name="java.vm.specification.version" value="1.7"/>
    <property name="sun.arch.data.model" value="64"/>
    <property name="java.home" value="C:\Program Files\Java\jdk1.7.0_51\jre"/>
    <property name="sun.java.command" value="org.codehaus.plexus.classworlds.launcher.Launcher package"/>
    <property name="java.specification.vendor" value="Oracle Corporation"/>
    <property name="user.language" value="en"/>
    <property name="awt.toolkit" value="sun.awt.windows.WToolkit"/>
    <property name="java.vm.info" value="mixed mode"/>
    <property name="java.version" value="1.7.0_51"/>
    <property name="java.ext.dirs" value="C:\Program Files\Java\jdk1.7.0_51\jre\lib\ext;C:\Windows\Sun\Java\lib\ext"/>
    <property name="sun.boot.class.path" value="C:\Program Files\Java\jdk1.7.0_51\jre\lib\resources.jar;C:\Program Files\Java\jdk1.7.0_51\jre\lib\rt.jar;C:\Program Files\Java\jdk1.7.0_51\jre\lib\sunrsasign.jar;C:\Program Files\Java\jdk1.7.0_51\jre\lib\jsse.jar;C:\Program Files\Java\jdk1.7.0_51\jre\lib\jce.jar;C:\Program Files\Java\jdk1.7.0_51\jre\lib\charsets.jar;C:\Program Files\Java\jdk1.7.0_51\jre\lib\jfr.jar;C:\Program Files\Java\jdk1.7.0_51\jre\classes"/>
    <property name="java.vendor" value="Oracle Corporation"/>
    <property name="maven.home" value="D:\pldupont\apache-maven-3.3.9\bin\.."/>
    <property name="file.separator" value="\"/>
    <property name="java.vendor.url.bug" value="http://bugreport.sun.com/bugreport/"/>
    <property name="sun.cpu.endian" value="little"/>
    <property name="sun.io.unicode.encoding" value="UnicodeLittle"/>
    <property name="sun.desktop" value="windows"/>
    <property name="sun.cpu.isalist" value="amd64"/>
  </properties>
  <testcase time="0.008" classname="com.pld.sqli.wrapper.StatementWrapperTest" name="testSetMaxFieldSize"/>
  <testcase time="0.001" classname="com.pld.sqli.wrapper.StatementWrapperTest" name="testGetResultSetConcurrency"/>
  <testcase time="0.001" classname="com.pld.sqli.wrapper.StatementWrapperTest" name="testSetCursorName"/>
  <testcase time="0.001" classname="com.pld.sqli.wrapper.StatementWrapperTest" name="testSetQueryTimeout"/>
  <testcase time="0.001" classname="com.pld.sqli.wrapper.StatementWrapperTest" name="testGetBatchParameters"/>
  <testcase time="0" classname="com.pld.sqli.wrapper.StatementWrapperTest" name="testIsWrapperFor"/>
  <testcase time="0" classname="com.pld.sqli.wrapper.StatementWrapperTest" name="testSetEscapeProcessing"/>
  <testcase time="0.001" classname="com.pld.sqli.wrapper.StatementWrapperTest" name="testClearBatch"/>
  <testcase time="0.001" classname="com.pld.sqli.wrapper.StatementWrapperTest" name="testClose"/>
  <testcase time="0.001" classname="com.pld.sqli.wrapper.StatementWrapperTest" name="testSetMaxRows"/>
  <testcase time="0.001" classname="com.pld.sqli.wrapper.StatementWrapperTest" name="testGetResultSetType"/>
  <testcase time="0.001" classname="com.pld.sqli.wrapper.StatementWrapperTest" name="testExecuteUpdate_String"/>
  <testcase time="0.002" classname="com.pld.sqli.wrapper.StatementWrapperTest" name="testIsPoolable"/>
  <testcase time="0.002" classname="com.pld.sqli.wrapper.StatementWrapperTest" name="testGetResultSet"/>
  <testcase time="0.002" classname="com.pld.sqli.wrapper.StatementWrapperTest" name="testSetFetchDirection"/>
  <testcase time="0.002" classname="com.pld.sqli.wrapper.StatementWrapperTest" name="testAddBatch"/>
  <testcase time="0.001" classname="com.pld.sqli.wrapper.StatementWrapperTest" name="testGetGeneratedKeys"/>
  <testcase time="0.002" classname="com.pld.sqli.wrapper.StatementWrapperTest" name="testExecuteBatch"/>
  <testcase time="0.002" classname="com.pld.sqli.wrapper.StatementWrapperTest" name="testExecuteQuery"/>
  <testcase time="0" classname="com.pld.sqli.wrapper.StatementWrapperTest" name="testGetBatchSQL"/>
  <testcase time="0.002" classname="com.pld.sqli.wrapper.StatementWrapperTest" name="testGetFetchSize"/>
  <testcase time="0.001" classname="com.pld.sqli.wrapper.StatementWrapperTest" name="testIsClosed"/>
  <testcase time="0.001" classname="com.pld.sqli.wrapper.StatementWrapperTest" name="testGetFetchDirection"/>
  <testcase time="0.003" classname="com.pld.sqli.wrapper.StatementWrapperTest" name="testExecuteUpdate_String_intArr"/>
  <testcase time="0.001" classname="com.pld.sqli.wrapper.StatementWrapperTest" name="testGetConnection"/>
  <testcase time="0.002" classname="com.pld.sqli.wrapper.StatementWrapperTest" name="testExecute_String_StringArr"/>
  <testcase time="0" classname="com.pld.sqli.wrapper.StatementWrapperTest" name="testGetMoreResults_int"/>
  <testcase time="0" classname="com.pld.sqli.wrapper.StatementWrapperTest" name="testGetMoreResults_0args"/>
  <testcase time="0.002" classname="com.pld.sqli.wrapper.StatementWrapperTest" name="testExecute_String_intArr"/>
  <testcase time="0.001" classname="com.pld.sqli.wrapper.StatementWrapperTest" name="testExecute_String"/>
  <testcase time="0.001" classname="com.pld.sqli.wrapper.StatementWrapperTest" name="testGetMaxRows"/>
  <testcase time="0.001" classname="com.pld.sqli.wrapper.StatementWrapperTest" name="testExecuteUpdate_String_StringArr"/>
  <testcase time="0.001" classname="com.pld.sqli.wrapper.StatementWrapperTest" name="testCancel"/>
  <testcase time="0.001" classname="com.pld.sqli.wrapper.StatementWrapperTest" name="testGetMaxFieldSize"/>
  <testcase time="0.001" classname="com.pld.sqli.wrapper.StatementWrapperTest" name="testSetFetchSize"/>
  <testcase time="0.001" classname="com.pld.sqli.wrapper.StatementWrapperTest" name="testExecuteUpdate_String_int"/>
  <testcase time="0.001" classname="com.pld.sqli.wrapper.StatementWrapperTest" name="testGetQueryTimeout"/>
  <testcase time="0.001" classname="com.pld.sqli.wrapper.StatementWrapperTest" name="testClearWarnings"/>
  <testcase time="0.001" classname="com.pld.sqli.wrapper.StatementWrapperTest" name="testExecute_String_int"/>
  <testcase time="0.001" classname="com.pld.sqli.wrapper.StatementWrapperTest" name="testUnwrap"/>
  <testcase time="0.001" classname="com.pld.sqli.wrapper.StatementWrapperTest" name="testGetUpdateCount"/>
  <testcase time="0.001" classname="com.pld.sqli.wrapper.StatementWrapperTest" name="testGetWarnings"/>
  <testcase time="0.001" classname="com.pld.sqli.wrapper.StatementWrapperTest" name="testSetPoolable"/>
  <testcase time="0.001" classname="com.pld.sqli.wrapper.StatementWrapperTest" name="testGetResultSetHoldability"/>
</testsuite>